<?xml version="1.0" encoding="UTF-8"?>
<testsuite xmlns:xsi="http://www.w3.org/2001/XMLSchema-instance" xsi:noNamespaceSchemaLocation="https://maven.apache.org/surefire/maven-surefire-plugin/xsd/surefire-test-report-3.0.xsd" version="3.0" name="com.example.SpringbootWebQuickstartApplicationTests" time="1.792" tests="1" errors="0" skipped="0" failures="0">
  <properties>
    <property name="java.specification.version" value="17"/>
    <property name="sun.cpu.isalist" value="amd64"/>
    <property name="sun.jnu.encoding" value="GBK"/>
    <property name="java.class.path" value="D:\IdeaProjects\web_project\springboot-web-quickstart\target\test-classes;D:\IdeaProjects\web_project\springboot-web-quickstart\target\classes;D:\develop\apache-maven-3.6.3\org\springframework\boot\spring-boot-starter-web\3.2.0\spring-boot-starter-web-3.2.0.jar;D:\develop\apache-maven-3.6.3\org\springframework\boot\spring-boot-starter\3.2.0\spring-boot-starter-3.2.0.jar;D:\develop\apache-maven-3.6.3\org\springframework\boot\spring-boot\3.2.0\spring-boot-3.2.0.jar;D:\develop\apache-maven-3.6.3\org\springframework\boot\spring-boot-autoconfigure\3.2.0\spring-boot-autoconfigure-3.2.0.jar;D:\develop\apache-maven-3.6.3\org\springframework\boot\spring-boot-starter-logging\3.2.0\spring-boot-starter-logging-3.2.0.jar;D:\develop\apache-maven-3.6.3\ch\qos\logback\logback-classic\1.4.11\logback-classic-1.4.11.jar;D:\develop\apache-maven-3.6.3\ch\qos\logback\logback-core\1.4.11\logback-core-1.4.11.jar;D:\develop\apache-maven-3.6.3\org\apache\logging\log4j\log4j-to-slf4j\2.21.1\log4j-to-slf4j-2.21.1.jar;D:\develop\apache-maven-3.6.3\org\apache\logging\log4j\log4j-api\2.21.1\log4j-api-2.21.1.jar;D:\develop\apache-maven-3.6.3\org\slf4j\jul-to-slf4j\2.0.9\jul-to-slf4j-2.0.9.jar;D:\develop\apache-maven-3.6.3\jakarta\annotation\jakarta.annotation-api\2.1.1\jakarta.annotation-api-2.1.1.jar;D:\develop\apache-maven-3.6.3\org\yaml\snakeyaml\2.2\snakeyaml-2.2.jar;D:\develop\apache-maven-3.6.3\org\springframework\boot\spring-boot-starter-json\3.2.0\spring-boot-starter-json-3.2.0.jar;D:\develop\apache-maven-3.6.3\com\fasterxml\jackson\core\jackson-databind\2.15.3\jackson-databind-2.15.3.jar;D:\develop\apache-maven-3.6.3\com\fasterxml\jackson\core\jackson-annotations\2.15.3\jackson-annotations-2.15.3.jar;D:\develop\apache-maven-3.6.3\com\fasterxml\jackson\core\jackson-core\2.15.3\jackson-core-2.15.3.jar;D:\develop\apache-maven-3.6.3\com\fasterxml\jackson\datatype\jackson-datatype-jdk8\2.15.3\jackson-datatype-jdk8-2.15.3.jar;D:\develop\apache-maven-3.6.3\com\fasterxml\jackson\datatype\jackson-datatype-jsr310\2.15.3\jackson-datatype-jsr310-2.15.3.jar;D:\develop\apache-maven-3.6.3\com\fasterxml\jackson\module\jackson-module-parameter-names\2.15.3\jackson-module-parameter-names-2.15.3.jar;D:\develop\apache-maven-3.6.3\org\springframework\boot\spring-boot-starter-tomcat\3.2.0\spring-boot-starter-tomcat-3.2.0.jar;D:\develop\apache-maven-3.6.3\org\apache\tomcat\embed\tomcat-embed-core\10.1.16\tomcat-embed-core-10.1.16.jar;D:\develop\apache-maven-3.6.3\org\apache\tomcat\embed\tomcat-embed-el\10.1.16\tomcat-embed-el-10.1.16.jar;D:\develop\apache-maven-3.6.3\org\apache\tomcat\embed\tomcat-embed-websocket\10.1.16\tomcat-embed-websocket-10.1.16.jar;D:\develop\apache-maven-3.6.3\org\springframework\spring-web\6.1.1\spring-web-6.1.1.jar;D:\develop\apache-maven-3.6.3\org\springframework\spring-beans\6.1.1\spring-beans-6.1.1.jar;D:\develop\apache-maven-3.6.3\io\micrometer\micrometer-observation\1.12.0\micrometer-observation-1.12.0.jar;D:\develop\apache-maven-3.6.3\io\micrometer\micrometer-commons\1.12.0\micrometer-commons-1.12.0.jar;D:\develop\apache-maven-3.6.3\org\springframework\spring-webmvc\6.1.1\spring-webmvc-6.1.1.jar;D:\develop\apache-maven-3.6.3\org\springframework\spring-aop\6.1.1\spring-aop-6.1.1.jar;D:\develop\apache-maven-3.6.3\org\springframework\spring-context\6.1.1\spring-context-6.1.1.jar;D:\develop\apache-maven-3.6.3\org\springframework\spring-expression\6.1.1\spring-expression-6.1.1.jar;D:\develop\apache-maven-3.6.3\org\springframework\boot\spring-boot-starter-test\3.2.0\spring-boot-starter-test-3.2.0.jar;D:\develop\apache-maven-3.6.3\org\springframework\boot\spring-boot-test\3.2.0\spring-boot-test-3.2.0.jar;D:\develop\apache-maven-3.6.3\org\springframework\boot\spring-boot-test-autoconfigure\3.2.0\spring-boot-test-autoconfigure-3.2.0.jar;D:\develop\apache-maven-3.6.3\com\jayway\jsonpath\json-path\2.8.0\json-path-2.8.0.jar;D:\develop\apache-maven-3.6.3\org\slf4j\slf4j-api\2.0.9\slf4j-api-2.0.9.jar;D:\develop\apache-maven-3.6.3\jakarta\xml\bind\jakarta.xml.bind-api\4.0.1\jakarta.xml.bind-api-4.0.1.jar;D:\develop\apache-maven-3.6.3\jakarta\activation\jakarta.activation-api\2.1.2\jakarta.activation-api-2.1.2.jar;D:\develop\apache-maven-3.6.3\net\minidev\json-smart\2.5.0\json-smart-2.5.0.jar;D:\develop\apache-maven-3.6.3\net\minidev\accessors-smart\2.5.0\accessors-smart-2.5.0.jar;D:\develop\apache-maven-3.6.3\org\ow2\asm\asm\9.3\asm-9.3.jar;D:\develop\apache-maven-3.6.3\org\assertj\assertj-core\3.24.2\assertj-core-3.24.2.jar;D:\develop\apache-maven-3.6.3\net\bytebuddy\byte-buddy\1.14.10\byte-buddy-1.14.10.jar;D:\develop\apache-maven-3.6.3\org\awaitility\awaitility\4.2.0\awaitility-4.2.0.jar;D:\develop\apache-maven-3.6.3\org\hamcrest\hamcrest\2.2\hamcrest-2.2.jar;D:\develop\apache-maven-3.6.3\org\junit\jupiter\junit-jupiter\5.10.1\junit-jupiter-5.10.1.jar;D:\develop\apache-maven-3.6.3\org\junit\jupiter\junit-jupiter-api\5.10.1\junit-jupiter-api-5.10.1.jar;D:\develop\apache-maven-3.6.3\org\opentest4j\opentest4j\1.3.0\opentest4j-1.3.0.jar;D:\develop\apache-maven-3.6.3\org\junit\platform\junit-platform-commons\1.10.1\junit-platform-commons-1.10.1.jar;D:\develop\apache-maven-3.6.3\org\apiguardian\apiguardian-api\1.1.2\apiguardian-api-1.1.2.jar;D:\develop\apache-maven-3.6.3\org\junit\jupiter\junit-jupiter-params\5.10.1\junit-jupiter-params-5.10.1.jar;D:\develop\apache-maven-3.6.3\org\junit\jupiter\junit-jupiter-engine\5.10.1\junit-jupiter-engine-5.10.1.jar;D:\develop\apache-maven-3.6.3\org\junit\platform\junit-platform-engine\1.10.1\junit-platform-engine-1.10.1.jar;D:\develop\apache-maven-3.6.3\org\mockito\mockito-core\5.7.0\mockito-core-5.7.0.jar;D:\develop\apache-maven-3.6.3\net\bytebuddy\byte-buddy-agent\1.14.10\byte-buddy-agent-1.14.10.jar;D:\develop\apache-maven-3.6.3\org\objenesis\objenesis\3.3\objenesis-3.3.jar;D:\develop\apache-maven-3.6.3\org\mockito\mockito-junit-jupiter\5.7.0\mockito-junit-jupiter-5.7.0.jar;D:\develop\apache-maven-3.6.3\org\skyscreamer\jsonassert\1.5.1\jsonassert-1.5.1.jar;D:\develop\apache-maven-3.6.3\com\vaadin\external\google\android-json\0.0.20131108.vaadin1\android-json-0.0.20131108.vaadin1.jar;D:\develop\apache-maven-3.6.3\org\springframework\spring-core\6.1.1\spring-core-6.1.1.jar;D:\develop\apache-maven-3.6.3\org\springframework\spring-jcl\6.1.1\spring-jcl-6.1.1.jar;D:\develop\apache-maven-3.6.3\org\springframework\spring-test\6.1.1\spring-test-6.1.1.jar;D:\develop\apache-maven-3.6.3\org\xmlunit\xmlunit-core\2.9.1\xmlunit-core-2.9.1.jar;"/>
    <property name="java.vm.vendor" value="Oracle Corporation"/>
    <property name="sun.arch.data.model" value="64"/>
    <property name="user.variant" value=""/>
    <property name="java.vendor.url" value="https://java.oracle.com/"/>
    <property name="user.timezone" value="GMT+08:00"/>
    <property name="os.name" value="Windows 10"/>
    <property name="java.vm.specification.version" value="17"/>
    <property name="sun.java.launcher" value="SUN_STANDARD"/>
    <property name="user.country" value="CN"/>
    <property name="sun.boot.library.path" value="D:\Java\bin"/>
    <property name="sun.java.command" value="D:\temp\surefire17818107903553182736\surefirebooter-20231213193051974_3.jar D:\temp\surefire17818107903553182736 2023-12-13T19-30-51_892-jvmRun1 surefire-20231213193051974_1tmp surefire_0-20231213193051974_2tmp"/>
    <property name="jdk.debug" value="release"/>
    <property name="surefire.test.class.path" value="D:\IdeaProjects\web_project\springboot-web-quickstart\target\test-classes;D:\IdeaProjects\web_project\springboot-web-quickstart\target\classes;D:\develop\apache-maven-3.6.3\org\springframework\boot\spring-boot-starter-web\3.2.0\spring-boot-starter-web-3.2.0.jar;D:\develop\apache-maven-3.6.3\org\springframework\boot\spring-boot-starter\3.2.0\spring-boot-starter-3.2.0.jar;D:\develop\apache-maven-3.6.3\org\springframework\boot\spring-boot\3.2.0\spring-boot-3.2.0.jar;D:\develop\apache-maven-3.6.3\org\springframework\boot\spring-boot-autoconfigure\3.2.0\spring-boot-autoconfigure-3.2.0.jar;D:\develop\apache-maven-3.6.3\org\springframework\boot\spring-boot-starter-logging\3.2.0\spring-boot-starter-logging-3.2.0.jar;D:\develop\apache-maven-3.6.3\ch\qos\logback\logback-classic\1.4.11\logback-classic-1.4.11.jar;D:\develop\apache-maven-3.6.3\ch\qos\logback\logback-core\1.4.11\logback-core-1.4.11.jar;D:\develop\apache-maven-3.6.3\org\apache\logging\log4j\log4j-to-slf4j\2.21.1\log4j-to-slf4j-2.21.1.jar;D:\develop\apache-maven-3.6.3\org\apache\logging\log4j\log4j-api\2.21.1\log4j-api-2.21.1.jar;D:\develop\apache-maven-3.6.3\org\slf4j\jul-to-slf4j\2.0.9\jul-to-slf4j-2.0.9.jar;D:\develop\apache-maven-3.6.3\jakarta\annotation\jakarta.annotation-api\2.1.1\jakarta.annotation-api-2.1.1.jar;D:\develop\apache-maven-3.6.3\org\yaml\snakeyaml\2.2\snakeyaml-2.2.jar;D:\develop\apache-maven-3.6.3\org\springframework\boot\spring-boot-starter-json\3.2.0\spring-boot-starter-json-3.2.0.jar;D:\develop\apache-maven-3.6.3\com\fasterxml\jackson\core\jackson-databind\2.15.3\jackson-databind-2.15.3.jar;D:\develop\apache-maven-3.6.3\com\fasterxml\jackson\core\jackson-annotations\2.15.3\jackson-annotations-2.15.3.jar;D:\develop\apache-maven-3.6.3\com\fasterxml\jackson\core\jackson-core\2.15.3\jackson-core-2.15.3.jar;D:\develop\apache-maven-3.6.3\com\fasterxml\jackson\datatype\jackson-datatype-jdk8\2.15.3\jackson-datatype-jdk8-2.15.3.jar;D:\develop\apache-maven-3.6.3\com\fasterxml\jackson\datatype\jackson-datatype-jsr310\2.15.3\jackson-datatype-jsr310-2.15.3.jar;D:\develop\apache-maven-3.6.3\com\fasterxml\jackson\module\jackson-module-parameter-names\2.15.3\jackson-module-parameter-names-2.15.3.jar;D:\develop\apache-maven-3.6.3\org\springframework\boot\spring-boot-starter-tomcat\3.2.0\spring-boot-starter-tomcat-3.2.0.jar;D:\develop\apache-maven-3.6.3\org\apache\tomcat\embed\tomcat-embed-core\10.1.16\tomcat-embed-core-10.1.16.jar;D:\develop\apache-maven-3.6.3\org\apache\tomcat\embed\tomcat-embed-el\10.1.16\tomcat-embed-el-10.1.16.jar;D:\develop\apache-maven-3.6.3\org\apache\tomcat\embed\tomcat-embed-websocket\10.1.16\tomcat-embed-websocket-10.1.16.jar;D:\develop\apache-maven-3.6.3\org\springframework\spring-web\6.1.1\spring-web-6.1.1.jar;D:\develop\apache-maven-3.6.3\org\springframework\spring-beans\6.1.1\spring-beans-6.1.1.jar;D:\develop\apache-maven-3.6.3\io\micrometer\micrometer-observation\1.12.0\micrometer-observation-1.12.0.jar;D:\develop\apache-maven-3.6.3\io\micrometer\micrometer-commons\1.12.0\micrometer-commons-1.12.0.jar;D:\develop\apache-maven-3.6.3\org\springframework\spring-webmvc\6.1.1\spring-webmvc-6.1.1.jar;D:\develop\apache-maven-3.6.3\org\springframework\spring-aop\6.1.1\spring-aop-6.1.1.jar;D:\develop\apache-maven-3.6.3\org\springframework\spring-context\6.1.1\spring-context-6.1.1.jar;D:\develop\apache-maven-3.6.3\org\springframework\spring-expression\6.1.1\spring-expression-6.1.1.jar;D:\develop\apache-maven-3.6.3\org\springframework\boot\spring-boot-starter-test\3.2.0\spring-boot-starter-test-3.2.0.jar;D:\develop\apache-maven-3.6.3\org\springframework\boot\spring-boot-test\3.2.0\spring-boot-test-3.2.0.jar;D:\develop\apache-maven-3.6.3\org\springframework\boot\spring-boot-test-autoconfigure\3.2.0\spring-boot-test-autoconfigure-3.2.0.jar;D:\develop\apache-maven-3.6.3\com\jayway\jsonpath\json-path\2.8.0\json-path-2.8.0.jar;D:\develop\apache-maven-3.6.3\org\slf4j\slf4j-api\2.0.9\slf4j-api-2.0.9.jar;D:\develop\apache-maven-3.6.3\jakarta\xml\bind\jakarta.xml.bind-api\4.0.1\jakarta.xml.bind-api-4.0.1.jar;D:\develop\apache-maven-3.6.3\jakarta\activation\jakarta.activation-api\2.1.2\jakarta.activation-api-2.1.2.jar;D:\develop\apache-maven-3.6.3\net\minidev\json-smart\2.5.0\json-smart-2.5.0.jar;D:\develop\apache-maven-3.6.3\net\minidev\accessors-smart\2.5.0\accessors-smart-2.5.0.jar;D:\develop\apache-maven-3.6.3\org\ow2\asm\asm\9.3\asm-9.3.jar;D:\develop\apache-maven-3.6.3\org\assertj\assertj-core\3.24.2\assertj-core-3.24.2.jar;D:\develop\apache-maven-3.6.3\net\bytebuddy\byte-buddy\1.14.10\byte-buddy-1.14.10.jar;D:\develop\apache-maven-3.6.3\org\awaitility\awaitility\4.2.0\awaitility-4.2.0.jar;D:\develop\apache-maven-3.6.3\org\hamcrest\hamcrest\2.2\hamcrest-2.2.jar;D:\develop\apache-maven-3.6.3\org\junit\jupiter\junit-jupiter\5.10.1\junit-jupiter-5.10.1.jar;D:\develop\apache-maven-3.6.3\org\junit\jupiter\junit-jupiter-api\5.10.1\junit-jupiter-api-5.10.1.jar;D:\develop\apache-maven-3.6.3\org\opentest4j\opentest4j\1.3.0\opentest4j-1.3.0.jar;D:\develop\apache-maven-3.6.3\org\junit\platform\junit-platform-commons\1.10.1\junit-platform-commons-1.10.1.jar;D:\develop\apache-maven-3.6.3\org\apiguardian\apiguardian-api\1.1.2\apiguardian-api-1.1.2.jar;D:\develop\apache-maven-3.6.3\org\junit\jupiter\junit-jupiter-params\5.10.1\junit-jupiter-params-5.10.1.jar;D:\develop\apache-maven-3.6.3\org\junit\jupiter\junit-jupiter-engine\5.10.1\junit-jupiter-engine-5.10.1.jar;D:\develop\apache-maven-3.6.3\org\junit\platform\junit-platform-engine\1.10.1\junit-platform-engine-1.10.1.jar;D:\develop\apache-maven-3.6.3\org\mockito\mockito-core\5.7.0\mockito-core-5.7.0.jar;D:\develop\apache-maven-3.6.3\net\bytebuddy\byte-buddy-agent\1.14.10\byte-buddy-agent-1.14.10.jar;D:\develop\apache-maven-3.6.3\org\objenesis\objenesis\3.3\objenesis-3.3.jar;D:\develop\apache-maven-3.6.3\org\mockito\mockito-junit-jupiter\5.7.0\mockito-junit-jupiter-5.7.0.jar;D:\develop\apache-maven-3.6.3\org\skyscreamer\jsonassert\1.5.1\jsonassert-1.5.1.jar;D:\develop\apache-maven-3.6.3\com\vaadin\external\google\android-json\0.0.20131108.vaadin1\android-json-0.0.20131108.vaadin1.jar;D:\develop\apache-maven-3.6.3\org\springframework\spring-core\6.1.1\spring-core-6.1.1.jar;D:\develop\apache-maven-3.6.3\org\springframework\spring-jcl\6.1.1\spring-jcl-6.1.1.jar;D:\develop\apache-maven-3.6.3\org\springframework\spring-test\6.1.1\spring-test-6.1.1.jar;D:\develop\apache-maven-3.6.3\org\xmlunit\xmlunit-core\2.9.1\xmlunit-core-2.9.1.jar;"/>
    <property name="sun.cpu.endian" value="little"/>
    <property name="user.home" value="C:\Users\yangfan"/>
    <property name="user.language" value="zh"/>
    <property name="java.specification.vendor" value="Oracle Corporation"/>
    <property name="java.version.date" value="2021-10-19"/>
    <property name="java.home" value="D:\Java"/>
    <property name="file.separator" value="\"/>
    <property name="basedir" value="D:\IdeaProjects\web_project\springboot-web-quickstart"/>
    <property name="java.vm.compressedOopsMode" value="Zero based"/>
    <property name="line.separator" value="&#10;"/>
    <property name="java.vm.specification.vendor" value="Oracle Corporation"/>
    <property name="java.specification.name" value="Java Platform API Specification"/>
    <property name="FILE_LOG_CHARSET" value="GBK"/>
    <property name="java.awt.headless" value="true"/>
    <property name="surefire.real.class.path" value="D:\temp\surefire17818107903553182736\surefirebooter-20231213193051974_3.jar"/>
    <property name="user.script" value=""/>
    <property name="sun.management.compiler" value="HotSpot 64-Bit Tiered Compilers"/>
    <property name="java.runtime.version" value="17.0.1+12-LTS-39"/>
    <property name="user.name" value="杨帆"/>
    <property name="path.separator" value=";"/>
    <property name="os.version" value="10.0"/>
    <property name="java.runtime.name" value="Java(TM) SE Runtime Environment"/>
    <property name="file.encoding" value="GBK"/>
    <property name="java.vm.name" value="Java HotSpot(TM) 64-Bit Server VM"/>
    <property name="localRepository" value="D:\develop\apache-maven-3.6.3"/>
    <property name="java.vendor.url.bug" value="https://bugreport.java.com/bugreport/"/>
    <property name="java.io.tmpdir" value="D:\temp\"/>
    <property name="idea.version" value="2022.2.3"/>
    <property name="java.version" value="17.0.1"/>
    <property name="user.dir" value="D:\IdeaProjects\web_project\springboot-web-quickstart"/>
    <property name="os.arch" value="amd64"/>
    <property name="java.vm.specification.name" value="Java Virtual Machine Specification"/>
    <property name="PID" value="9244"/>
    <property name="sun.os.patch.level" value=""/>
    <property name="CONSOLE_LOG_CHARSET" value="GBK"/>
    <property name="native.encoding" value="GBK"/>
    <property name="java.library.path" value="D:\Java\bin;C:\WINDOWS\Sun\Java\bin;C:\WINDOWS\system32;C:\WINDOWS;C:\Program Files\Common Files\Oracle\Java\javapath;C:\ProgramData\Oracle\Java\javapath;D:\VMware\bin\;C:\windows\system32;C:\windows;C:\windows\System32\Wbem;C:\windows\System32\WindowsPowerShell\v1.0\;C:\windows\System32\OpenSSH\;C:\Program Files (x86)\NVIDIA Corporation\PhysX\Common;C:\Program Files\NVIDIA Corporation\NVIDIA NvDLISR;D:\BaiduNetdiskDownload\Windows\runtime\win64;D:\BaiduNetdiskDownload\Windows\bin;D:\anaconda3;D:\anaconda3\Library\bin;D:\anaconda3\Scripts;D:\lux\;D:\Java\jdk-8\bin;D:\spss\Statistics\25\JRE\bin;C:\WINDOWS\system32;C:\WINDOWS;C:\WINDOWS\System32\Wbem;C:\WINDOWS\System32\WindowsPowerShell\v1.0\;C:\WINDOWS\System32\OpenSSH\;D:\NetSarang\Xshell 7\;D:\NetSarang\Xftp 7\;D:\develop\apache-maven-3.6.3\bin;D:\MinGw\mingw64\bin;D:\Git\cmd;D:\nodejs\;D:\nodejs\node_global\node_modules;D:\environment\Go\bin;D:\mysql-8.0.33-winx64\bin;D:\develop\apache-maven-3.6.3\bin;%USERPROFILE%\AppData\Local\Microsoft\WindowsApps;%PyCharm Community Edition%;D:\anaconda3;D:\anaconda3\Scripts;D:\anaconda3\Library\bin;%IntelliJ IDEA%;%WebStorm%;D:\Microsoft VS Code\bin;D:\nodejs\node_global;%USERPROFILE%\go\bin;D:\Tencent\QQGameTempest\Hall.57975\;."/>
    <property name="java.vm.info" value="mixed mode, sharing"/>
    <property name="java.vendor" value="Oracle Corporation"/>
    <property name="java.vm.version" value="17.0.1+12-LTS-39"/>
    <property name="sun.io.unicode.encoding" value="UnicodeLittle"/>
    <property name="java.class.version" value="61.0"/>
  </properties>
  <testcase name="contextLoads" classname="com.example.SpringbootWebQuickstartApplicationTests" time="0.546">
    <system-out><![CDATA[19:30:52.455 [main] INFO org.springframework.test.context.support.AnnotationConfigContextLoaderUtils -- Could not detect default configuration classes for test class [com.example.SpringbootWebQuickstartApplicationTests]: SpringbootWebQuickstartApplicationTests does not declare any static, non-private, non-final, nested classes annotated with @Configuration.
19:30:52.522 [main] INFO org.springframework.boot.test.context.SpringBootTestContextBootstrapper -- Found @SpringBootConfiguration com.example.SpringbootWebQuickstartApplication for test class com.example.SpringbootWebQuickstartApplicationTests

  .   ____          _            __ _ _
 /\\ / ___'_ __ _ _(_)_ __  __ _ \ \ \ \
( ( )\___ | '_ | '_| | '_ \/ _` | \ \ \ \
 \\/  ___)| |_)| | | | | || (_| |  ) ) ) )
  '  |____| .__|_| |_|_| |_\__, | / / / /
 =========|_|==============|___/=/_/_/_/
 :: Spring Boot ::                (v3.2.0)

2023-12-13T19:30:52.766+08:00  INFO 9244 --- [           main] .SpringbootWebQuickstartApplicationTests : Starting SpringbootWebQuickstartApplicationTests using Java 17.0.1 with PID 9244 (started by 杨帆 in D:\IdeaProjects\web_project\springboot-web-quickstart)
2023-12-13T19:30:52.768+08:00  INFO 9244 --- [           main] .SpringbootWebQuickstartApplicationTests : No active profile set, falling back to 1 default profile: "default"
2023-12-13T19:30:53.582+08:00  INFO 9244 --- [           main] .SpringbootWebQuickstartApplicationTests : Started SpringbootWebQuickstartApplicationTests in 0.967 seconds (process running for 1.541)
]]></system-out>
  </testcase>
</testsuite>